mode: set
/home/lzuccarelli/Projects/myportfolio/myportfolio-middlewareinterface/handlers.go:22.60,31.14 6 1
/home/lzuccarelli/Projects/myportfolio/myportfolio-middlewareinterface/handlers.go:35.2,35.46 1 1
/home/lzuccarelli/Projects/myportfolio/myportfolio-middlewareinterface/handlers.go:38.2,47.29 8 1
/home/lzuccarelli/Projects/myportfolio/myportfolio-middlewareinterface/handlers.go:90.2,90.22 1 1
/home/lzuccarelli/Projects/myportfolio/myportfolio-middlewareinterface/handlers.go:31.14,34.3 2 1
/home/lzuccarelli/Projects/myportfolio/myportfolio-middlewareinterface/handlers.go:35.46,37.3 1 1
/home/lzuccarelli/Projects/myportfolio/myportfolio-middlewareinterface/handlers.go:47.29,54.43 6 1
/home/lzuccarelli/Projects/myportfolio/myportfolio-middlewareinterface/handlers.go:58.3,60.17 3 1
/home/lzuccarelli/Projects/myportfolio/myportfolio-middlewareinterface/handlers.go:65.3,66.18 2 1
/home/lzuccarelli/Projects/myportfolio/myportfolio-middlewareinterface/handlers.go:71.3,75.17 4 1
/home/lzuccarelli/Projects/myportfolio/myportfolio-middlewareinterface/handlers.go:80.3,81.48 2 1
/home/lzuccarelli/Projects/myportfolio/myportfolio-middlewareinterface/handlers.go:54.43,57.4 2 0
/home/lzuccarelli/Projects/myportfolio/myportfolio-middlewareinterface/handlers.go:60.17,63.4 2 0
/home/lzuccarelli/Projects/myportfolio/myportfolio-middlewareinterface/handlers.go:66.18,69.4 2 0
/home/lzuccarelli/Projects/myportfolio/myportfolio-middlewareinterface/handlers.go:75.17,78.4 2 0
/home/lzuccarelli/Projects/myportfolio/myportfolio-middlewareinterface/handlers.go:82.8,82.30 1 1
/home/lzuccarelli/Projects/myportfolio/myportfolio-middlewareinterface/handlers.go:82.30,85.3 2 0
/home/lzuccarelli/Projects/myportfolio/myportfolio-middlewareinterface/handlers.go:85.8,85.30 1 1
/home/lzuccarelli/Projects/myportfolio/myportfolio-middlewareinterface/handlers.go:85.30,89.3 3 1
/home/lzuccarelli/Projects/myportfolio/myportfolio-middlewareinterface/handlers.go:93.55,102.14 6 1
/home/lzuccarelli/Projects/myportfolio/myportfolio-middlewareinterface/handlers.go:106.2,109.24 2 1
/home/lzuccarelli/Projects/myportfolio/myportfolio-middlewareinterface/handlers.go:112.2,115.16 4 1
/home/lzuccarelli/Projects/myportfolio/myportfolio-middlewareinterface/handlers.go:126.2,127.18 2 1
/home/lzuccarelli/Projects/myportfolio/myportfolio-middlewareinterface/handlers.go:102.14,105.3 2 0
/home/lzuccarelli/Projects/myportfolio/myportfolio-middlewareinterface/handlers.go:109.24,111.3 1 1
/home/lzuccarelli/Projects/myportfolio/myportfolio-middlewareinterface/handlers.go:115.16,118.3 2 0
/home/lzuccarelli/Projects/myportfolio/myportfolio-middlewareinterface/handlers.go:118.8,121.15 3 1
/home/lzuccarelli/Projects/myportfolio/myportfolio-middlewareinterface/handlers.go:121.15,124.4 2 0
/home/lzuccarelli/Projects/myportfolio/myportfolio-middlewareinterface/middleware.go:19.62,25.27 4 1
/home/lzuccarelli/Projects/myportfolio/myportfolio-middlewareinterface/middleware.go:31.2,32.16 2 1
/home/lzuccarelli/Projects/myportfolio/myportfolio-middlewareinterface/middleware.go:37.2,38.16 2 1
/home/lzuccarelli/Projects/myportfolio/myportfolio-middlewareinterface/middleware.go:46.2,47.27 2 1
/home/lzuccarelli/Projects/myportfolio/myportfolio-middlewareinterface/middleware.go:25.27,29.3 3 1
/home/lzuccarelli/Projects/myportfolio/myportfolio-middlewareinterface/middleware.go:32.16,35.3 2 0
/home/lzuccarelli/Projects/myportfolio/myportfolio-middlewareinterface/middleware.go:38.16,41.3 2 1
/home/lzuccarelli/Projects/myportfolio/myportfolio-middlewareinterface/middleware.go:41.8,44.3 2 1
/home/lzuccarelli/Projects/myportfolio/myportfolio-middlewareinterface/middleware.go:52.61,58.27 4 1
/home/lzuccarelli/Projects/myportfolio/myportfolio-middlewareinterface/middleware.go:64.2,65.16 2 1
/home/lzuccarelli/Projects/myportfolio/myportfolio-middlewareinterface/middleware.go:70.2,71.16 2 1
/home/lzuccarelli/Projects/myportfolio/myportfolio-middlewareinterface/middleware.go:84.2,85.27 2 1
/home/lzuccarelli/Projects/myportfolio/myportfolio-middlewareinterface/middleware.go:58.27,62.3 3 1
/home/lzuccarelli/Projects/myportfolio/myportfolio-middlewareinterface/middleware.go:65.16,68.3 2 0
/home/lzuccarelli/Projects/myportfolio/myportfolio-middlewareinterface/middleware.go:71.16,74.3 2 1
/home/lzuccarelli/Projects/myportfolio/myportfolio-middlewareinterface/middleware.go:74.8,76.15 2 1
/home/lzuccarelli/Projects/myportfolio/myportfolio-middlewareinterface/middleware.go:76.15,79.4 2 0
/home/lzuccarelli/Projects/myportfolio/myportfolio-middlewareinterface/middleware.go:79.9,81.4 1 1
/home/lzuccarelli/Projects/myportfolio/myportfolio-middlewareinterface/middleware.go:88.54,92.2 3 1
/home/lzuccarelli/Projects/myportfolio/myportfolio-middlewareinterface/middleware.go:95.57,97.38 2 1
/home/lzuccarelli/Projects/myportfolio/myportfolio-middlewareinterface/middleware.go:104.2,110.134 5 1
/home/lzuccarelli/Projects/myportfolio/myportfolio-middlewareinterface/middleware.go:97.38,99.29 2 0
/home/lzuccarelli/Projects/myportfolio/myportfolio-middlewareinterface/middleware.go:99.29,101.4 1 0
