mode: set
gitea-cicd.apps.aws2-dev.ocp.14west.io/cicd/servisbot-authinterface/pkg/validator/validate.go:13.59,17.27 4 1
gitea-cicd.apps.aws2-dev.ocp.14west.io/cicd/servisbot-authinterface/pkg/validator/validate.go:25.2,25.12 1 1
gitea-cicd.apps.aws2-dev.ocp.14west.io/cicd/servisbot-authinterface/pkg/validator/validate.go:17.27,18.15 1 1
gitea-cicd.apps.aws2-dev.ocp.14west.io/cicd/servisbot-authinterface/pkg/validator/validate.go:23.3,23.69 1 1
gitea-cicd.apps.aws2-dev.ocp.14west.io/cicd/servisbot-authinterface/pkg/validator/validate.go:18.15,21.4 2 1
gitea-cicd.apps.aws2-dev.ocp.14west.io/cicd/servisbot-authinterface/pkg/validator/validate.go:30.50,38.23 2 1
gitea-cicd.apps.aws2-dev.ocp.14west.io/cicd/servisbot-authinterface/pkg/validator/validate.go:43.2,43.12 1 1
gitea-cicd.apps.aws2-dev.ocp.14west.io/cicd/servisbot-authinterface/pkg/validator/validate.go:38.23,39.54 1 1
gitea-cicd.apps.aws2-dev.ocp.14west.io/cicd/servisbot-authinterface/pkg/validator/validate.go:39.54,41.4 1 1
gitea-cicd.apps.aws2-dev.ocp.14west.io/cicd/servisbot-authinterface/pkg/handlers/handler.go:25.83,31.17 4 1
gitea-cicd.apps.aws2-dev.ocp.14west.io/cicd/servisbot-authinterface/pkg/handlers/handler.go:75.2,77.27 3 1
gitea-cicd.apps.aws2-dev.ocp.14west.io/cicd/servisbot-authinterface/pkg/handlers/handler.go:31.17,34.3 2 1
gitea-cicd.apps.aws2-dev.ocp.14west.io/cicd/servisbot-authinterface/pkg/handlers/handler.go:34.8,53.95 8 1
gitea-cicd.apps.aws2-dev.ocp.14west.io/cicd/servisbot-authinterface/pkg/handlers/handler.go:57.3,57.17 1 1
gitea-cicd.apps.aws2-dev.ocp.14west.io/cicd/servisbot-authinterface/pkg/handlers/handler.go:53.95,55.4 1 1
gitea-cicd.apps.aws2-dev.ocp.14west.io/cicd/servisbot-authinterface/pkg/handlers/handler.go:57.17,58.54 1 1
gitea-cicd.apps.aws2-dev.ocp.14west.io/cicd/servisbot-authinterface/pkg/handlers/handler.go:58.54,61.5 2 1
gitea-cicd.apps.aws2-dev.ocp.14west.io/cicd/servisbot-authinterface/pkg/handlers/handler.go:61.10,64.5 2 1
gitea-cicd.apps.aws2-dev.ocp.14west.io/cicd/servisbot-authinterface/pkg/handlers/handler.go:65.9,66.18 1 1
gitea-cicd.apps.aws2-dev.ocp.14west.io/cicd/servisbot-authinterface/pkg/handlers/handler.go:66.18,69.5 2 0
gitea-cicd.apps.aws2-dev.ocp.14west.io/cicd/servisbot-authinterface/pkg/handlers/handler.go:69.10,72.5 2 1
gitea-cicd.apps.aws2-dev.ocp.14west.io/cicd/servisbot-authinterface/pkg/handlers/handler.go:80.54,84.2 3 1
gitea-cicd.apps.aws2-dev.ocp.14west.io/cicd/servisbot-authinterface/pkg/handlers/handler.go:87.57,88.35 1 1
gitea-cicd.apps.aws2-dev.ocp.14west.io/cicd/servisbot-authinterface/pkg/handlers/handler.go:91.2,95.134 4 1
gitea-cicd.apps.aws2-dev.ocp.14west.io/cicd/servisbot-authinterface/pkg/handlers/handler.go:88.35,90.3 1 0
