mode: set
gitea-cicd.apps.aws2-dev.ocp.14west.io/cicd/golang-simple-oc4service/pkg/validator/validate.go:13.59,17.27 4 1
gitea-cicd.apps.aws2-dev.ocp.14west.io/cicd/golang-simple-oc4service/pkg/validator/validate.go:25.2,25.12 1 1
gitea-cicd.apps.aws2-dev.ocp.14west.io/cicd/golang-simple-oc4service/pkg/validator/validate.go:17.27,18.15 1 1
gitea-cicd.apps.aws2-dev.ocp.14west.io/cicd/golang-simple-oc4service/pkg/validator/validate.go:23.3,23.69 1 1
gitea-cicd.apps.aws2-dev.ocp.14west.io/cicd/golang-simple-oc4service/pkg/validator/validate.go:18.15,21.4 2 1
gitea-cicd.apps.aws2-dev.ocp.14west.io/cicd/golang-simple-oc4service/pkg/validator/validate.go:30.50,37.23 2 1
gitea-cicd.apps.aws2-dev.ocp.14west.io/cicd/golang-simple-oc4service/pkg/validator/validate.go:42.2,42.12 1 1
gitea-cicd.apps.aws2-dev.ocp.14west.io/cicd/golang-simple-oc4service/pkg/validator/validate.go:37.23,38.54 1 1
gitea-cicd.apps.aws2-dev.ocp.14west.io/cicd/golang-simple-oc4service/pkg/validator/validate.go:38.54,40.4 1 1
gitea-cicd.apps.aws2-dev.ocp.14west.io/cicd/golang-simple-oc4service/pkg/handlers/handler.go:20.83,25.19 3 1
gitea-cicd.apps.aws2-dev.ocp.14west.io/cicd/golang-simple-oc4service/pkg/handlers/handler.go:28.2,29.16 2 1
gitea-cicd.apps.aws2-dev.ocp.14west.io/cicd/golang-simple-oc4service/pkg/handlers/handler.go:36.2,40.17 3 1
gitea-cicd.apps.aws2-dev.ocp.14west.io/cicd/golang-simple-oc4service/pkg/handlers/handler.go:47.2,50.27 4 1
gitea-cicd.apps.aws2-dev.ocp.14west.io/cicd/golang-simple-oc4service/pkg/handlers/handler.go:25.19,27.3 1 0
gitea-cicd.apps.aws2-dev.ocp.14west.io/cicd/golang-simple-oc4service/pkg/handlers/handler.go:29.16,34.3 4 1
gitea-cicd.apps.aws2-dev.ocp.14west.io/cicd/golang-simple-oc4service/pkg/handlers/handler.go:40.17,46.3 5 1
gitea-cicd.apps.aws2-dev.ocp.14west.io/cicd/golang-simple-oc4service/pkg/handlers/handler.go:53.54,57.2 3 1
gitea-cicd.apps.aws2-dev.ocp.14west.io/cicd/golang-simple-oc4service/pkg/handlers/handler.go:60.57,61.35 1 1
gitea-cicd.apps.aws2-dev.ocp.14west.io/cicd/golang-simple-oc4service/pkg/handlers/handler.go:64.2,68.134 4 1
gitea-cicd.apps.aws2-dev.ocp.14west.io/cicd/golang-simple-oc4service/pkg/handlers/handler.go:61.35,63.3 1 0
gitea-cicd.apps.aws2-dev.ocp.14west.io/cicd/golang-simple-oc4service/pkg/handlers/handler.go:72.98,78.2 5 1
